c:\users\lrg14\desktop\thuedc17-master\thedc17\debug\vc140.pdb
c:\users\lrg14\desktop\thuedc17-master\thedc17\debug\win_qextserialport.obj
c:\users\lrg14\desktop\thuedc17-master\thedc17\debug\testwindow.obj
c:\users\lrg14\desktop\thuedc17-master\thedc17\debug\sound.obj
c:\users\lrg14\desktop\thuedc17-master\thedc17\debug\qextserialport.obj
c:\users\lrg14\desktop\thuedc17-master\thedc17\debug\qextserialbase.obj
c:\users\lrg14\desktop\thuedc17-master\thedc17\debug\property.obj
c:\users\lrg14\desktop\thuedc17-master\thedc17\debug\overdialog.obj
c:\users\lrg14\desktop\thuedc17-master\thedc17\debug\mainwindow.obj
c:\users\lrg14\desktop\thuedc17-master\thedc17\debug\main.obj
c:\users\lrg14\desktop\thuedc17-master\thedc17\debug\image.obj
c:\users\lrg14\desktop\thuedc17-master\thedc17\debug\moc_win_qextserialport.obj
c:\users\lrg14\desktop\thuedc17-master\thedc17\debug\moc_sound.obj
c:\users\lrg14\desktop\thuedc17-master\thedc17\debug\moc_qextserialport.obj
c:\users\lrg14\desktop\thuedc17-master\thedc17\debug\moc_qextserialbase.obj
c:\users\lrg14\desktop\thuedc17-master\thedc17\debug\moc_overdialog.obj
c:\users\lrg14\desktop\thuedc17-master\thedc17\debug\moc_mainwindow.obj
c:\users\lrg14\desktop\thuedc17-master\thedc17\debug\communication.obj
c:\users\lrg14\desktop\thuedc17-master\thedc17\debug\qrc_source.obj
c:\users\lrg14\desktop\thuedc17-master\thedc17\generatedfiles\ui_mainwindow.h
c:\users\lrg14\desktop\thuedc17-master\thedc17\generatedfiles\debug\moc_win_qextserialport.cpp
c:\users\lrg14\desktop\thuedc17-master\thedc17\generatedfiles\debug\moc_sound.cpp
c:\users\lrg14\desktop\thuedc17-master\thedc17\generatedfiles\debug\moc_qextserialport.cpp
c:\users\lrg14\desktop\thuedc17-master\thedc17\generatedfiles\debug\moc_qextserialbase.cpp
c:\users\lrg14\desktop\thuedc17-master\thedc17\generatedfiles\debug\moc_overdialog.cpp
c:\users\lrg14\desktop\thuedc17-master\thedc17\generatedfiles\debug\moc_mainwindow.cpp
c:\users\lrg14\desktop\thuedc17-master\thedc17\generatedfiles\ui_overdialog.h
c:\users\lrg14\desktop\thuedc17-master\thedc17\generatedfiles\ui_sound.h
c:\users\lrg14\desktop\thuedc17-master\thedc17\generatedfiles\ui_testwindow.h
c:\users\lrg14\desktop\thuedc17-master\thedc17\generatedfiles\qrc_source.cpp
c:\users\lrg14\desktop\thuedc17-master\win32\debug\thedc17.pdb
c:\users\lrg14\desktop\thuedc17-master\thedc17\debug\thedc17.tlog\cl.command.1.tlog
c:\users\lrg14\desktop\thuedc17-master\thedc17\debug\thedc17.tlog\cl.read.1.tlog
c:\users\lrg14\desktop\thuedc17-master\thedc17\debug\thedc17.tlog\cl.write.1.tlog
c:\users\lrg14\desktop\thuedc17-master\thedc17\debug\thedc17.tlog\custombuild.command.1.tlog
c:\users\lrg14\desktop\thuedc17-master\thedc17\debug\thedc17.tlog\custombuild.read.1.tlog
c:\users\lrg14\desktop\thuedc17-master\thedc17\debug\thedc17.tlog\custombuild.write.1.tlog
c:\users\lrg14\desktop\thuedc17-master\thedc17\debug\thedc17.tlog\link-cvtres.read.1.tlog
c:\users\lrg14\desktop\thuedc17-master\thedc17\debug\thedc17.tlog\link-cvtres.write.1.tlog
c:\users\lrg14\desktop\thuedc17-master\thedc17\debug\thedc17.tlog\link-rc.read.1.tlog
c:\users\lrg14\desktop\thuedc17-master\thedc17\debug\thedc17.tlog\link-rc.write.1.tlog
c:\users\lrg14\desktop\thuedc17-master\thedc17\debug\thedc17.tlog\link.command.1.tlog
c:\users\lrg14\desktop\thuedc17-master\thedc17\debug\thedc17.tlog\link.read.1.tlog
c:\users\lrg14\desktop\thuedc17-master\thedc17\debug\thedc17.tlog\link.write.1.tlog
